mktexpk --mfmode / --bdpi 600 --mag 0+480/600 --dpi 480 ptmr8r
mktexpk --mfmode / --bdpi 600 --mag 1+0/600 --dpi 600 ptmr8r
mktexpk --mfmode / --bdpi 600 --mag 1+0/600 --dpi 600 phvr8r
mktexpk --mfmode / --bdpi 600 --mag 1+120/600 --dpi 720 phvr8r
mktexpk --mfmode / --bdpi 600 --mag 1+480/600 --dpi 1080 phvb8r
mktexpk --mfmode / --bdpi 600 --mag 1+120/600 --dpi 720 ptmb8r
mktexpk --mfmode / --bdpi 600 --mag 0+480/600 --dpi 480 ptmr8r
mktexpk --mfmode / --bdpi 600 --mag 1+0/600 --dpi 600 ptmr8r
mktexpk --mfmode / --bdpi 600 --mag 1+0/600 --dpi 600 phvr8r
mktexpk --mfmode / --bdpi 600 --mag 1+120/600 --dpi 720 phvr8r
mktexpk --mfmode / --bdpi 600 --mag 1+480/600 --dpi 1080 phvb8r
mktexpk --mfmode / --bdpi 600 --mag 1+120/600 --dpi 720 ptmb8r
mktexpk --mfmode / --bdpi 600 --mag 0+384/600 --dpi 384 ptmr8r
mktexpk --mfmode / --bdpi 600 --mag 0+480/600 --dpi 480 ptmr8r
mktexpk --mfmode / --bdpi 600 --mag 0+360/600 --dpi 360 ptmr8r
mktexpk --mfmode / --bdpi 600 --mag 2+516/600 --dpi 1716 ptmb8r
mktexpk --mfmode / --bdpi 600 --mag 1+0/600 --dpi 600 ptmr8r
mktexpk --mfmode / --bdpi 600 --mag 2+240/600 --dpi 1440 ptmr8r
mktexpk --mfmode / --bdpi 600 --mag 1+60/600 --dpi 660 ptmr8r
mktexpk --mfmode / --bdpi 600 --mag 1+0/600 --dpi 600 ptmri8r
mktexpk --mfmode / --bdpi 600 --mag 1+0/600 --dpi 600 ptmb8r
mktexpk --mfmode / --bdpi 600 --mag 0+540/600 --dpi 540 ptmbi8r
mktexpk --mfmode / --bdpi 600 --mag 0+540/600 --dpi 540 ptmb8r
mktexpk --mfmode / --bdpi 600 --mag 0+420/600 --dpi 420 ptmr8r
mktexpk --mfmode / --bdpi 600 --mag 0+480/600 --dpi 480 ptmr8r
mktexpk --mfmode / --bdpi 600 --mag 1+0/600 --dpi 600 ptmr8r
mktexpk --mfmode / --bdpi 600 --mag 1+0/600 --dpi 600 phvr8r
mktexpk --mfmode / --bdpi 600 --mag 1+120/600 --dpi 720 phvr8r
mktexpk --mfmode / --bdpi 600 --mag 1+480/600 --dpi 1080 phvb8r
mktexpk --mfmode / --bdpi 600 --mag 1+120/600 --dpi 720 ptmb8r
mktexpk --mfmode / --bdpi 600 --mag 0+480/600 --dpi 480 ptmr8r
mktexpk --mfmode / --bdpi 600 --mag 1+0/600 --dpi 600 ptmr8r
mktexpk --mfmode / --bdpi 600 --mag 1+0/600 --dpi 600 phvr8r
mktexpk --mfmode / --bdpi 600 --mag 1+120/600 --dpi 720 phvr8r
mktexpk --mfmode / --bdpi 600 --mag 1+480/600 --dpi 1080 phvb8r
mktexpk --mfmode / --bdpi 600 --mag 1+60/600 --dpi 660 ptmri8r
mktexpk --mfmode / --bdpi 600 --mag 1+120/600 --dpi 720 ptmb8r
mktexpk --mfmode / --bdpi 600 --mag 0+480/600 --dpi 480 ptmr8r
mktexpk --mfmode / --bdpi 600 --mag 1+0/600 --dpi 600 ptmr8r
mktexpk --mfmode / --bdpi 600 --mag 1+0/600 --dpi 600 phvr8r
mktexpk --mfmode / --bdpi 600 --mag 1+120/600 --dpi 720 phvr8r
mktexpk --mfmode / --bdpi 600 --mag 1+480/600 --dpi 1080 phvb8r
mktexpk --mfmode / --bdpi 600 --mag 1+60/600 --dpi 660 ptmri8r
mktexpk --mfmode / --bdpi 600 --mag 1+120/600 --dpi 720 ptmb8r
mktexpk --mfmode / --bdpi 600 --mag 0+480/600 --dpi 480 ptmr8r
mktexpk --mfmode / --bdpi 600 --mag 1+0/600 --dpi 600 ptmr8r
mktexpk --mfmode / --bdpi 600 --mag 1+0/600 --dpi 600 phvr8r
mktexpk --mfmode / --bdpi 600 --mag 1+120/600 --dpi 720 phvr8r
mktexpk --mfmode / --bdpi 600 --mag 1+480/600 --dpi 1080 phvb8r
mktexpk --mfmode / --bdpi 600 --mag 1+60/600 --dpi 660 ptmri8r
mktexpk --mfmode / --bdpi 600 --mag 1+120/600 --dpi 720 ptmb8r
mktexpk --mfmode / --bdpi 600 --mag 0+480/600 --dpi 480 ptmr8r
mktexpk --mfmode / --bdpi 600 --mag 1+0/600 --dpi 600 ptmr8r
mktexpk --mfmode / --bdpi 600 --mag 1+0/600 --dpi 600 phvr8r
mktexpk --mfmode / --bdpi 600 --mag 1+120/600 --dpi 720 phvr8r
mktexpk --mfmode / --bdpi 600 --mag 1+480/600 --dpi 1080 phvb8r
mktexpk --mfmode / --bdpi 600 --mag 1+60/600 --dpi 660 ptmri8r
mktexpk --mfmode / --bdpi 600 --mag 1+120/600 --dpi 720 ptmb8r
mktexpk --mfmode / --bdpi 600 --mag 0+480/600 --dpi 480 ptmr8r
mktexpk --mfmode / --bdpi 600 --mag 1+0/600 --dpi 600 ptmr8r
mktexpk --mfmode / --bdpi 600 --mag 1+0/600 --dpi 600 phvr8r
mktexpk --mfmode / --bdpi 600 --mag 1+120/600 --dpi 720 phvr8r
mktexpk --mfmode / --bdpi 600 --mag 1+480/600 --dpi 1080 phvb8r
mktexpk --mfmode / --bdpi 600 --mag 1+60/600 --dpi 660 ptmri8r
mktexpk --mfmode / --bdpi 600 --mag 1+120/600 --dpi 720 ptmb8r
mktexpk --mfmode / --bdpi 600 --mag 0+480/600 --dpi 480 ptmr8r
mktexpk --mfmode / --bdpi 600 --mag 1+0/600 --dpi 600 ptmr8r
mktexpk --mfmode / --bdpi 600 --mag 1+0/600 --dpi 600 phvr8r
mktexpk --mfmode / --bdpi 600 --mag 1+120/600 --dpi 720 phvr8r
mktexpk --mfmode / --bdpi 600 --mag 1+480/600 --dpi 1080 phvb8r
mktexpk --mfmode / --bdpi 600 --mag 1+60/600 --dpi 660 ptmri8r
mktexpk --mfmode / --bdpi 600 --mag 1+120/600 --dpi 720 ptmb8r
mktexpk --mfmode / --bdpi 600 --mag 0+480/600 --dpi 480 ptmr8r
mktexpk --mfmode / --bdpi 600 --mag 1+0/600 --dpi 600 ptmr8r
mktexpk --mfmode / --bdpi 600 --mag 1+0/600 --dpi 600 phvr8r
mktexpk --mfmode / --bdpi 600 --mag 1+120/600 --dpi 720 phvr8r
mktexpk --mfmode / --bdpi 600 --mag 1+480/600 --dpi 1080 phvb8r
mktexpk --mfmode / --bdpi 600 --mag 1+60/600 --dpi 660 ptmri8r
mktexpk --mfmode / --bdpi 600 --mag 1+120/600 --dpi 720 ptmb8r
mktexpk --mfmode / --bdpi 600 --mag 0+480/600 --dpi 480 ptmr8r
mktexpk --mfmode / --bdpi 600 --mag 1+0/600 --dpi 600 ptmr8r
mktexpk --mfmode / --bdpi 600 --mag 1+0/600 --dpi 600 phvr8r
mktexpk --mfmode / --bdpi 600 --mag 1+120/600 --dpi 720 phvr8r
mktexpk --mfmode / --bdpi 600 --mag 1+480/600 --dpi 1080 phvb8r
mktexpk --mfmode / --bdpi 600 --mag 1+60/600 --dpi 660 ptmri8r
mktexpk --mfmode / --bdpi 600 --mag 1+120/600 --dpi 720 ptmb8r
mktexpk --mfmode / --bdpi 600 --mag 0+480/600 --dpi 480 ptmr8r
mktexpk --mfmode / --bdpi 600 --mag 1+0/600 --dpi 600 ptmr8r
mktexpk --mfmode / --bdpi 600 --mag 1+0/600 --dpi 600 phvr8r
mktexpk --mfmode / --bdpi 600 --mag 1+120/600 --dpi 720 phvr8r
mktexpk --mfmode / --bdpi 600 --mag 1+480/600 --dpi 1080 phvb8r
mktexpk --mfmode / --bdpi 600 --mag 1+60/600 --dpi 660 ptmri8r
mktexpk --mfmode / --bdpi 600 --mag 1+120/600 --dpi 720 ptmb8r
mktexpk --mfmode / --bdpi 600 --mag 0+480/600 --dpi 480 ptmr8r
mktexpk --mfmode / --bdpi 600 --mag 1+0/600 --dpi 600 ptmr8r
mktexpk --mfmode / --bdpi 600 --mag 1+0/600 --dpi 600 phvr8r
mktexpk --mfmode / --bdpi 600 --mag 1+120/600 --dpi 720 phvr8r
mktexpk --mfmode / --bdpi 600 --mag 1+480/600 --dpi 1080 phvb8r
mktexpk --mfmode / --bdpi 600 --mag 1+60/600 --dpi 660 ptmri8r
mktexpk --mfmode / --bdpi 600 --mag 1+120/600 --dpi 720 ptmb8r
mktexpk --mfmode / --bdpi 600 --mag 0+480/600 --dpi 480 ptmr8r
mktexpk --mfmode / --bdpi 600 --mag 1+0/600 --dpi 600 ptmr8r
mktexpk --mfmode / --bdpi 600 --mag 1+0/600 --dpi 600 phvr8r
mktexpk --mfmode / --bdpi 600 --mag 1+120/600 --dpi 720 phvr8r
mktexpk --mfmode / --bdpi 600 --mag 1+480/600 --dpi 1080 phvb8r
mktexpk --mfmode / --bdpi 600 --mag 1+60/600 --dpi 660 ptmri8r
mktexpk --mfmode / --bdpi 600 --mag 1+120/600 --dpi 720 ptmb8r
mktexpk --mfmode / --bdpi 600 --mag 0+480/600 --dpi 480 ptmr8r
mktexpk --mfmode / --bdpi 600 --mag 1+0/600 --dpi 600 ptmr8r
mktexpk --mfmode / --bdpi 600 --mag 1+0/600 --dpi 600 phvr8r
mktexpk --mfmode / --bdpi 600 --mag 1+120/600 --dpi 720 phvr8r
mktexpk --mfmode / --bdpi 600 --mag 1+480/600 --dpi 1080 phvb8r
mktexpk --mfmode / --bdpi 600 --mag 1+60/600 --dpi 660 ptmri8r
mktexpk --mfmode / --bdpi 600 --mag 1+120/600 --dpi 720 ptmb8r
mktexpk --mfmode / --bdpi 600 --mag 0+480/600 --dpi 480 ptmr8r
mktexpk --mfmode / --bdpi 600 --mag 1+0/600 --dpi 600 ptmr8r
mktexpk --mfmode / --bdpi 600 --mag 1+0/600 --dpi 600 phvr8r
mktexpk --mfmode / --bdpi 600 --mag 1+120/600 --dpi 720 phvr8r
mktexpk --mfmode / --bdpi 600 --mag 1+480/600 --dpi 1080 phvb8r
mktexpk --mfmode / --bdpi 600 --mag 1+60/600 --dpi 660 ptmri8r
mktexpk --mfmode / --bdpi 600 --mag 1+120/600 --dpi 720 ptmb8r
mktexpk --mfmode / --bdpi 600 --mag 0+480/600 --dpi 480 ptmr8r
mktexpk --mfmode / --bdpi 600 --mag 1+0/600 --dpi 600 ptmr8r
mktexpk --mfmode / --bdpi 600 --mag 1+0/600 --dpi 600 phvr8r
mktexpk --mfmode / --bdpi 600 --mag 1+120/600 --dpi 720 phvr8r
mktexpk --mfmode / --bdpi 600 --mag 1+480/600 --dpi 1080 phvb8r
mktexpk --mfmode / --bdpi 600 --mag 1+60/600 --dpi 660 ptmri8r
mktexpk --mfmode / --bdpi 600 --mag 1+120/600 --dpi 720 ptmb8r
mktexpk --mfmode / --bdpi 600 --mag 0+480/600 --dpi 480 ptmr8r
mktexpk --mfmode / --bdpi 600 --mag 1+0/600 --dpi 600 ptmr8r
mktexpk --mfmode / --bdpi 600 --mag 1+0/600 --dpi 600 phvr8r
mktexpk --mfmode / --bdpi 600 --mag 1+120/600 --dpi 720 phvr8r
mktexpk --mfmode / --bdpi 600 --mag 1+480/600 --dpi 1080 phvb8r
mktexpk --mfmode / --bdpi 600 --mag 1+60/600 --dpi 660 ptmri8r
mktexpk --mfmode / --bdpi 600 --mag 1+120/600 --dpi 720 ptmb8r
mktexpk --mfmode / --bdpi 600 --mag 0+480/600 --dpi 480 ptmr8r
mktexpk --mfmode / --bdpi 600 --mag 1+0/600 --dpi 600 ptmr8r
mktexpk --mfmode / --bdpi 600 --mag 1+0/600 --dpi 600 phvr8r
mktexpk --mfmode / --bdpi 600 --mag 1+120/600 --dpi 720 phvr8r
mktexpk --mfmode / --bdpi 600 --mag 1+480/600 --dpi 1080 phvb8r
mktexpk --mfmode / --bdpi 600 --mag 1+60/600 --dpi 660 ptmri8r
mktexpk --mfmode / --bdpi 600 --mag 1+120/600 --dpi 720 ptmb8r
mktexpk --mfmode / --bdpi 600 --mag 0+480/600 --dpi 480 ptmr8r
mktexpk --mfmode / --bdpi 600 --mag 1+0/600 --dpi 600 ptmr8r
mktexpk --mfmode / --bdpi 600 --mag 1+0/600 --dpi 600 phvr8r
mktexpk --mfmode / --bdpi 600 --mag 1+120/600 --dpi 720 phvr8r
mktexpk --mfmode / --bdpi 600 --mag 1+480/600 --dpi 1080 phvb8r
mktexpk --mfmode / --bdpi 600 --mag 1+60/600 --dpi 660 ptmri8r
mktexpk --mfmode / --bdpi 600 --mag 1+120/600 --dpi 720 ptmb8r
mktexpk --mfmode / --bdpi 600 --mag 0+480/600 --dpi 480 ptmr8r
mktexpk --mfmode / --bdpi 600 --mag 1+0/600 --dpi 600 ptmr8r
mktexpk --mfmode / --bdpi 600 --mag 1+0/600 --dpi 600 phvr8r
mktexpk --mfmode / --bdpi 600 --mag 1+120/600 --dpi 720 phvr8r
mktexpk --mfmode / --bdpi 600 --mag 1+480/600 --dpi 1080 phvb8r
mktexpk --mfmode / --bdpi 600 --mag 1+60/600 --dpi 660 ptmri8r
mktexpk --mfmode / --bdpi 600 --mag 1+120/600 --dpi 720 ptmb8r
mktexpk --mfmode / --bdpi 600 --mag 0+480/600 --dpi 480 ptmr8r
mktexpk --mfmode / --bdpi 600 --mag 1+0/600 --dpi 600 ptmr8r
mktexpk --mfmode / --bdpi 600 --mag 1+0/600 --dpi 600 phvr8r
mktexpk --mfmode / --bdpi 600 --mag 1+120/600 --dpi 720 phvr8r
mktexpk --mfmode / --bdpi 600 --mag 1+480/600 --dpi 1080 phvb8r
mktexpk --mfmode / --bdpi 600 --mag 1+60/600 --dpi 660 ptmri8r
mktexpk --mfmode / --bdpi 600 --mag 1+120/600 --dpi 720 ptmb8r
mktexpk --mfmode / --bdpi 600 --mag 0+480/600 --dpi 480 ptmr8r
mktexpk --mfmode / --bdpi 600 --mag 1+0/600 --dpi 600 ptmr8r
mktexpk --mfmode / --bdpi 600 --mag 1+0/600 --dpi 600 phvr8r
mktexpk --mfmode / --bdpi 600 --mag 1+120/600 --dpi 720 phvr8r
mktexpk --mfmode / --bdpi 600 --mag 1+480/600 --dpi 1080 phvb8r
mktexpk --mfmode / --bdpi 600 --mag 1+60/600 --dpi 660 ptmri8r
mktexpk --mfmode / --bdpi 600 --mag 1+120/600 --dpi 720 ptmb8r
mktexpk --mfmode / --bdpi 600 --mag 0+480/600 --dpi 480 ptmr8r
mktexpk --mfmode / --bdpi 600 --mag 1+0/600 --dpi 600 ptmr8r
mktexpk --mfmode / --bdpi 600 --mag 1+0/600 --dpi 600 phvr8r
mktexpk --mfmode / --bdpi 600 --mag 1+120/600 --dpi 720 phvr8r
mktexpk --mfmode / --bdpi 600 --mag 1+480/600 --dpi 1080 phvb8r
mktexpk --mfmode / --bdpi 600 --mag 1+60/600 --dpi 660 ptmri8r
mktexpk --mfmode / --bdpi 600 --mag 1+120/600 --dpi 720 ptmb8r
mktexpk --mfmode / --bdpi 600 --mag 0+480/600 --dpi 480 ptmr8r
mktexpk --mfmode / --bdpi 600 --mag 1+0/600 --dpi 600 ptmr8r
mktexpk --mfmode / --bdpi 600 --mag 1+0/600 --dpi 600 phvr8r
mktexpk --mfmode / --bdpi 600 --mag 1+120/600 --dpi 720 phvr8r
mktexpk --mfmode / --bdpi 600 --mag 1+480/600 --dpi 1080 phvb8r
mktexpk --mfmode / --bdpi 600 --mag 1+60/600 --dpi 660 ptmri8r
mktexpk --mfmode / --bdpi 600 --mag 1+120/600 --dpi 720 ptmb8r
mktexpk --mfmode / --bdpi 600 --mag 0+480/600 --dpi 480 ptmr8r
mktexpk --mfmode / --bdpi 600 --mag 1+0/600 --dpi 600 ptmr8r
mktexpk --mfmode / --bdpi 600 --mag 1+0/600 --dpi 600 phvr8r
mktexpk --mfmode / --bdpi 600 --mag 1+120/600 --dpi 720 phvr8r
mktexpk --mfmode / --bdpi 600 --mag 1+480/600 --dpi 1080 phvb8r
mktexpk --mfmode / --bdpi 600 --mag 1+60/600 --dpi 660 ptmri8r
mktexpk --mfmode / --bdpi 600 --mag 1+120/600 --dpi 720 ptmb8r
mktexpk --mfmode / --bdpi 600 --mag 0+480/600 --dpi 480 ptmr8r
mktexpk --mfmode / --bdpi 600 --mag 1+0/600 --dpi 600 ptmr8r
mktexpk --mfmode / --bdpi 600 --mag 1+0/600 --dpi 600 phvr8r
mktexpk --mfmode / --bdpi 600 --mag 1+120/600 --dpi 720 phvr8r
mktexpk --mfmode / --bdpi 600 --mag 1+480/600 --dpi 1080 phvb8r
mktexpk --mfmode / --bdpi 600 --mag 1+60/600 --dpi 660 ptmri8r
mktexpk --mfmode / --bdpi 600 --mag 1+120/600 --dpi 720 ptmb8r
mktexpk --mfmode / --bdpi 600 --mag 0+480/600 --dpi 480 ptmr8r
mktexpk --mfmode / --bdpi 600 --mag 1+0/600 --dpi 600 ptmr8r
mktexpk --mfmode / --bdpi 600 --mag 1+0/600 --dpi 600 phvr8r
mktexpk --mfmode / --bdpi 600 --mag 1+120/600 --dpi 720 phvr8r
mktexpk --mfmode / --bdpi 600 --mag 1+480/600 --dpi 1080 phvb8r
mktexpk --mfmode / --bdpi 600 --mag 1+60/600 --dpi 660 ptmri8r
mktexpk --mfmode / --bdpi 600 --mag 1+120/600 --dpi 720 ptmb8r
mktexpk --mfmode / --bdpi 600 --mag 0+480/600 --dpi 480 ptmr8r
mktexpk --mfmode / --bdpi 600 --mag 1+0/600 --dpi 600 ptmr8r
mktexpk --mfmode / --bdpi 600 --mag 1+0/600 --dpi 600 phvr8r
mktexpk --mfmode / --bdpi 600 --mag 1+120/600 --dpi 720 phvr8r
mktexpk --mfmode / --bdpi 600 --mag 1+480/600 --dpi 1080 phvb8r
mktexpk --mfmode / --bdpi 600 --mag 1+60/600 --dpi 660 ptmri8r
mktexpk --mfmode / --bdpi 600 --mag 1+120/600 --dpi 720 ptmb8r
mktexpk --mfmode / --bdpi 600 --mag 0+480/600 --dpi 480 ptmr8r
mktexpk --mfmode / --bdpi 600 --mag 1+0/600 --dpi 600 ptmr8r
mktexpk --mfmode / --bdpi 600 --mag 1+0/600 --dpi 600 phvr8r
mktexpk --mfmode / --bdpi 600 --mag 1+120/600 --dpi 720 phvr8r
mktexpk --mfmode / --bdpi 600 --mag 1+480/600 --dpi 1080 phvb8r
mktexpk --mfmode / --bdpi 600 --mag 1+60/600 --dpi 660 ptmri8r
mktexpk --mfmode / --bdpi 600 --mag 1+120/600 --dpi 720 ptmb8r
mktexpk --mfmode / --bdpi 600 --mag 0+480/600 --dpi 480 ptmr8r
mktexpk --mfmode / --bdpi 600 --mag 1+0/600 --dpi 600 ptmr8r
mktexpk --mfmode / --bdpi 600 --mag 1+0/600 --dpi 600 phvr8r
mktexpk --mfmode / --bdpi 600 --mag 1+120/600 --dpi 720 phvr8r
mktexpk --mfmode / --bdpi 600 --mag 1+480/600 --dpi 1080 phvb8r
mktexpk --mfmode / --bdpi 600 --mag 1+60/600 --dpi 660 ptmri8r
mktexpk --mfmode / --bdpi 600 --mag 1+120/600 --dpi 720 ptmb8r
mktexpk --mfmode / --bdpi 600 --mag 0+480/600 --dpi 480 ptmr8r
mktexpk --mfmode / --bdpi 600 --mag 1+0/600 --dpi 600 ptmr8r
mktexpk --mfmode / --bdpi 600 --mag 1+0/600 --dpi 600 phvr8r
mktexpk --mfmode / --bdpi 600 --mag 1+120/600 --dpi 720 phvr8r
mktexpk --mfmode / --bdpi 600 --mag 1+480/600 --dpi 1080 phvb8r
mktexpk --mfmode / --bdpi 600 --mag 1+60/600 --dpi 660 ptmri8r
mktexpk --mfmode / --bdpi 600 --mag 1+120/600 --dpi 720 ptmb8r
mktexpk --mfmode / --bdpi 600 --mag 0+480/600 --dpi 480 ptmr8r
mktexpk --mfmode / --bdpi 600 --mag 1+0/600 --dpi 600 ptmr8r
mktexpk --mfmode / --bdpi 600 --mag 1+0/600 --dpi 600 phvr8r
mktexpk --mfmode / --bdpi 600 --mag 1+120/600 --dpi 720 phvr8r
mktexpk --mfmode / --bdpi 600 --mag 1+480/600 --dpi 1080 phvb8r
mktexpk --mfmode / --bdpi 600 --mag 1+60/600 --dpi 660 ptmri8r
mktexpk --mfmode / --bdpi 600 --mag 1+120/600 --dpi 720 ptmb8r
mktexpk --mfmode / --bdpi 600 --mag 0+480/600 --dpi 480 ptmr8r
mktexpk --mfmode / --bdpi 600 --mag 1+0/600 --dpi 600 ptmr8r
mktexpk --mfmode / --bdpi 600 --mag 1+0/600 --dpi 600 phvr8r
mktexpk --mfmode / --bdpi 600 --mag 1+120/600 --dpi 720 phvr8r
mktexpk --mfmode / --bdpi 600 --mag 1+480/600 --dpi 1080 phvb8r
mktexpk --mfmode / --bdpi 600 --mag 1+60/600 --dpi 660 ptmri8r
mktexpk --mfmode / --bdpi 600 --mag 1+120/600 --dpi 720 ptmb8r
mktexpk --mfmode / --bdpi 600 --mag 0+480/600 --dpi 480 ptmr8r
mktexpk --mfmode / --bdpi 600 --mag 1+0/600 --dpi 600 ptmr8r
mktexpk --mfmode / --bdpi 600 --mag 1+0/600 --dpi 600 phvr8r
mktexpk --mfmode / --bdpi 600 --mag 1+120/600 --dpi 720 phvr8r
mktexpk --mfmode / --bdpi 600 --mag 1+480/600 --dpi 1080 phvb8r
mktexpk --mfmode / --bdpi 600 --mag 1+60/600 --dpi 660 ptmri8r
mktexpk --mfmode / --bdpi 600 --mag 1+120/600 --dpi 720 ptmb8r
mktexpk --mfmode / --bdpi 600 --mag 0+480/600 --dpi 480 ptmr8r
mktexpk --mfmode / --bdpi 600 --mag 1+0/600 --dpi 600 ptmr8r
mktexpk --mfmode / --bdpi 600 --mag 1+0/600 --dpi 600 phvr8r
mktexpk --mfmode / --bdpi 600 --mag 1+120/600 --dpi 720 phvr8r
mktexpk --mfmode / --bdpi 600 --mag 1+480/600 --dpi 1080 phvb8r
mktexpk --mfmode / --bdpi 600 --mag 1+60/600 --dpi 660 ptmri8r
mktexpk --mfmode / --bdpi 600 --mag 1+120/600 --dpi 720 ptmb8r
mktexpk --mfmode / --bdpi 600 --mag 0+480/600 --dpi 480 ptmr8r
mktexpk --mfmode / --bdpi 600 --mag 1+0/600 --dpi 600 ptmr8r
mktexpk --mfmode / --bdpi 600 --mag 1+0/600 --dpi 600 phvr8r
mktexpk --mfmode / --bdpi 600 --mag 1+120/600 --dpi 720 phvr8r
mktexpk --mfmode / --bdpi 600 --mag 1+480/600 --dpi 1080 phvb8r
mktexpk --mfmode / --bdpi 600 --mag 1+60/600 --dpi 660 ptmri8r
mktexpk --mfmode / --bdpi 600 --mag 1+120/600 --dpi 720 ptmb8r
mktexpk --mfmode / --bdpi 600 --mag 0+480/600 --dpi 480 ptmr8r
mktexpk --mfmode / --bdpi 600 --mag 1+0/600 --dpi 600 ptmr8r
mktexpk --mfmode / --bdpi 600 --mag 1+0/600 --dpi 600 phvr8r
mktexpk --mfmode / --bdpi 600 --mag 1+120/600 --dpi 720 phvr8r
mktexpk --mfmode / --bdpi 600 --mag 1+480/600 --dpi 1080 phvb8r
mktexpk --mfmode / --bdpi 600 --mag 1+60/600 --dpi 660 ptmri8r
mktexpk --mfmode / --bdpi 600 --mag 1+120/600 --dpi 720 ptmb8r
mktexpk --mfmode / --bdpi 600 --mag 0+480/600 --dpi 480 ptmr8r
mktexpk --mfmode / --bdpi 600 --mag 1+0/600 --dpi 600 ptmr8r
mktexpk --mfmode / --bdpi 600 --mag 1+0/600 --dpi 600 phvr8r
mktexpk --mfmode / --bdpi 600 --mag 1+120/600 --dpi 720 phvr8r
mktexpk --mfmode / --bdpi 600 --mag 1+480/600 --dpi 1080 phvb8r
mktexpk --mfmode / --bdpi 600 --mag 1+60/600 --dpi 660 ptmri8r
mktexpk --mfmode / --bdpi 600 --mag 1+120/600 --dpi 720 ptmb8r
mktexpk --mfmode / --bdpi 600 --mag 0+480/600 --dpi 480 ptmr8r
mktexpk --mfmode / --bdpi 600 --mag 1+0/600 --dpi 600 ptmr8r
mktexpk --mfmode / --bdpi 600 --mag 1+0/600 --dpi 600 phvr8r
mktexpk --mfmode / --bdpi 600 --mag 1+120/600 --dpi 720 phvr8r
mktexpk --mfmode / --bdpi 600 --mag 1+480/600 --dpi 1080 phvb8r
mktexpk --mfmode / --bdpi 600 --mag 1+60/600 --dpi 660 ptmri8r
mktexpk --mfmode / --bdpi 600 --mag 1+120/600 --dpi 720 ptmb8r
mktexpk --mfmode / --bdpi 600 --mag 0+480/600 --dpi 480 ptmr8r
mktexpk --mfmode / --bdpi 600 --mag 1+0/600 --dpi 600 ptmr8r
mktexpk --mfmode / --bdpi 600 --mag 1+0/600 --dpi 600 phvr8r
mktexpk --mfmode / --bdpi 600 --mag 1+120/600 --dpi 720 phvr8r
mktexpk --mfmode / --bdpi 600 --mag 1+480/600 --dpi 1080 phvb8r
mktexpk --mfmode / --bdpi 600 --mag 1+60/600 --dpi 660 ptmri8r
mktexpk --mfmode / --bdpi 600 --mag 1+120/600 --dpi 720 ptmb8r
mktexpk --mfmode / --bdpi 600 --mag 0+480/600 --dpi 480 ptmr8r
mktexpk --mfmode / --bdpi 600 --mag 1+0/600 --dpi 600 ptmr8r
mktexpk --mfmode / --bdpi 600 --mag 1+0/600 --dpi 600 phvr8r
mktexpk --mfmode / --bdpi 600 --mag 1+120/600 --dpi 720 phvr8r
mktexpk --mfmode / --bdpi 600 --mag 1+480/600 --dpi 1080 phvb8r
mktexpk --mfmode / --bdpi 600 --mag 1+60/600 --dpi 660 ptmri8r
mktexpk --mfmode / --bdpi 600 --mag 1+120/600 --dpi 720 ptmb8r
mktexpk --mfmode / --bdpi 600 --mag 0+480/600 --dpi 480 ptmr8r
mktexpk --mfmode / --bdpi 600 --mag 1+0/600 --dpi 600 ptmr8r
mktexpk --mfmode / --bdpi 600 --mag 1+0/600 --dpi 600 phvr8r
mktexpk --mfmode / --bdpi 600 --mag 1+120/600 --dpi 720 phvr8r
mktexpk --mfmode / --bdpi 600 --mag 1+480/600 --dpi 1080 phvb8r
mktexpk --mfmode / --bdpi 600 --mag 1+60/600 --dpi 660 ptmri8r
mktexpk --mfmode / --bdpi 600 --mag 1+120/600 --dpi 720 ptmb8r
mktexpk --mfmode / --bdpi 600 --mag 0+480/600 --dpi 480 ptmr8r
mktexpk --mfmode / --bdpi 600 --mag 1+0/600 --dpi 600 ptmr8r
mktexpk --mfmode / --bdpi 600 --mag 1+0/600 --dpi 600 phvr8r
mktexpk --mfmode / --bdpi 600 --mag 1+120/600 --dpi 720 phvr8r
mktexpk --mfmode / --bdpi 600 --mag 1+480/600 --dpi 1080 phvb8r
mktexpk --mfmode / --bdpi 600 --mag 1+60/600 --dpi 660 ptmri8r
mktexpk --mfmode / --bdpi 600 --mag 1+120/600 --dpi 720 ptmb8r
mktexpk --mfmode / --bdpi 600 --mag 0+480/600 --dpi 480 ptmr8r
mktexpk --mfmode / --bdpi 600 --mag 1+0/600 --dpi 600 ptmr8r
mktexpk --mfmode / --bdpi 600 --mag 1+0/600 --dpi 600 phvr8r
mktexpk --mfmode / --bdpi 600 --mag 1+120/600 --dpi 720 phvr8r
mktexpk --mfmode / --bdpi 600 --mag 1+480/600 --dpi 1080 phvb8r
mktexpk --mfmode / --bdpi 600 --mag 1+60/600 --dpi 660 ptmri8r
mktexpk --mfmode / --bdpi 600 --mag 1+120/600 --dpi 720 ptmb8r
mktexpk --mfmode / --bdpi 600 --mag 0+480/600 --dpi 480 ptmr8r
mktexpk --mfmode / --bdpi 600 --mag 1+0/600 --dpi 600 ptmr8r
mktexpk --mfmode / --bdpi 600 --mag 1+0/600 --dpi 600 phvr8r
mktexpk --mfmode / --bdpi 600 --mag 1+120/600 --dpi 720 phvr8r
mktexpk --mfmode / --bdpi 600 --mag 1+480/600 --dpi 1080 phvb8r
mktexpk --mfmode / --bdpi 600 --mag 1+60/600 --dpi 660 ptmri8r
mktexpk --mfmode / --bdpi 600 --mag 1+120/600 --dpi 720 ptmb8r
mktexpk --mfmode / --bdpi 600 --mag 0+480/600 --dpi 480 ptmr8r
mktexpk --mfmode / --bdpi 600 --mag 1+0/600 --dpi 600 ptmr8r
mktexpk --mfmode / --bdpi 600 --mag 1+0/600 --dpi 600 phvr8r
mktexpk --mfmode / --bdpi 600 --mag 1+120/600 --dpi 720 phvr8r
mktexpk --mfmode / --bdpi 600 --mag 1+480/600 --dpi 1080 phvb8r
mktexpk --mfmode / --bdpi 600 --mag 1+60/600 --dpi 660 ptmri8r
mktexpk --mfmode / --bdpi 600 --mag 1+120/600 --dpi 720 ptmb8r
mktexpk --mfmode / --bdpi 600 --mag 0+480/600 --dpi 480 ptmr8r
mktexpk --mfmode / --bdpi 600 --mag 1+0/600 --dpi 600 ptmr8r
mktexpk --mfmode / --bdpi 600 --mag 1+0/600 --dpi 600 phvr8r
mktexpk --mfmode / --bdpi 600 --mag 1+120/600 --dpi 720 phvr8r
mktexpk --mfmode / --bdpi 600 --mag 1+480/600 --dpi 1080 phvb8r
mktexpk --mfmode / --bdpi 600 --mag 1+60/600 --dpi 660 ptmri8r
mktexpk --mfmode / --bdpi 600 --mag 1+120/600 --dpi 720 ptmb8r
mktexpk --mfmode / --bdpi 600 --mag 0+480/600 --dpi 480 ptmr8r
mktexpk --mfmode / --bdpi 600 --mag 1+0/600 --dpi 600 ptmr8r
mktexpk --mfmode / --bdpi 600 --mag 1+0/600 --dpi 600 phvr8r
mktexpk --mfmode / --bdpi 600 --mag 1+120/600 --dpi 720 phvr8r
mktexpk --mfmode / --bdpi 600 --mag 1+480/600 --dpi 1080 phvb8r
mktexpk --mfmode / --bdpi 600 --mag 1+60/600 --dpi 660 ptmri8r
mktexpk --mfmode / --bdpi 600 --mag 1+120/600 --dpi 720 ptmb8r
mktexpk --mfmode / --bdpi 600 --mag 0+480/600 --dpi 480 ptmr8r
mktexpk --mfmode / --bdpi 600 --mag 1+0/600 --dpi 600 ptmr8r
mktexpk --mfmode / --bdpi 600 --mag 1+0/600 --dpi 600 phvr8r
mktexpk --mfmode / --bdpi 600 --mag 1+120/600 --dpi 720 phvr8r
mktexpk --mfmode / --bdpi 600 --mag 1+480/600 --dpi 1080 phvb8r
mktexpk --mfmode / --bdpi 600 --mag 1+60/600 --dpi 660 ptmri8r
mktexpk --mfmode / --bdpi 600 --mag 1+120/600 --dpi 720 ptmb8r
mktexpk --mfmode / --bdpi 600 --mag 0+480/600 --dpi 480 ptmr8r
mktexpk --mfmode / --bdpi 600 --mag 1+0/600 --dpi 600 ptmr8r
mktexpk --mfmode / --bdpi 600 --mag 1+0/600 --dpi 600 phvr8r
mktexpk --mfmode / --bdpi 600 --mag 1+120/600 --dpi 720 phvr8r
mktexpk --mfmode / --bdpi 600 --mag 1+480/600 --dpi 1080 phvb8r
mktexpk --mfmode / --bdpi 600 --mag 1+60/600 --dpi 660 ptmri8r
mktexpk --mfmode / --bdpi 600 --mag 1+120/600 --dpi 720 ptmb8r
mktexpk --mfmode / --bdpi 600 --mag 0+480/600 --dpi 480 ptmr8r
mktexpk --mfmode / --bdpi 600 --mag 1+0/600 --dpi 600 ptmr8r
mktexpk --mfmode / --bdpi 600 --mag 1+0/600 --dpi 600 phvr8r
mktexpk --mfmode / --bdpi 600 --mag 1+120/600 --dpi 720 phvr8r
mktexpk --mfmode / --bdpi 600 --mag 1+480/600 --dpi 1080 phvb8r
mktexpk --mfmode / --bdpi 600 --mag 1+60/600 --dpi 660 ptmri8r
mktexpk --mfmode / --bdpi 600 --mag 1+120/600 --dpi 720 ptmb8r
mktexpk --mfmode / --bdpi 600 --mag 0+480/600 --dpi 480 ptmr8r
mktexpk --mfmode / --bdpi 600 --mag 1+0/600 --dpi 600 ptmr8r
mktexpk --mfmode / --bdpi 600 --mag 1+0/600 --dpi 600 phvr8r
mktexpk --mfmode / --bdpi 600 --mag 1+120/600 --dpi 720 phvr8r
mktexpk --mfmode / --bdpi 600 --mag 1+480/600 --dpi 1080 phvb8r
mktexpk --mfmode / --bdpi 600 --mag 1+60/600 --dpi 660 ptmri8r
mktexpk --mfmode / --bdpi 600 --mag 1+120/600 --dpi 720 ptmb8r
mktexpk --mfmode / --bdpi 600 --mag 0+480/600 --dpi 480 ptmr8r
mktexpk --mfmode / --bdpi 600 --mag 1+0/600 --dpi 600 ptmr8r
mktexpk --mfmode / --bdpi 600 --mag 1+0/600 --dpi 600 phvr8r
mktexpk --mfmode / --bdpi 600 --mag 1+120/600 --dpi 720 phvr8r
mktexpk --mfmode / --bdpi 600 --mag 1+480/600 --dpi 1080 phvb8r
mktexpk --mfmode / --bdpi 600 --mag 1+60/600 --dpi 660 ptmri8r
mktexpk --mfmode / --bdpi 600 --mag 1+120/600 --dpi 720 ptmb8r
mktexpk --mfmode / --bdpi 600 --mag 0+480/600 --dpi 480 ptmr8r
mktexpk --mfmode / --bdpi 600 --mag 1+0/600 --dpi 600 ptmr8r
mktexpk --mfmode / --bdpi 600 --mag 1+0/600 --dpi 600 phvr8r
mktexpk --mfmode / --bdpi 600 --mag 1+120/600 --dpi 720 phvr8r
mktexpk --mfmode / --bdpi 600 --mag 1+480/600 --dpi 1080 phvb8r
mktexpk --mfmode / --bdpi 600 --mag 1+60/600 --dpi 660 ptmri8r
mktexpk --mfmode / --bdpi 600 --mag 1+120/600 --dpi 720 ptmb8r
mktexpk --mfmode / --bdpi 600 --mag 0+480/600 --dpi 480 ptmr8r
mktexpk --mfmode / --bdpi 600 --mag 1+0/600 --dpi 600 ptmr8r
mktexpk --mfmode / --bdpi 600 --mag 1+0/600 --dpi 600 phvr8r
mktexpk --mfmode / --bdpi 600 --mag 1+120/600 --dpi 720 phvr8r
mktexpk --mfmode / --bdpi 600 --mag 1+480/600 --dpi 1080 phvb8r
mktexpk --mfmode / --bdpi 600 --mag 1+60/600 --dpi 660 ptmri8r
mktexpk --mfmode / --bdpi 600 --mag 1+120/600 --dpi 720 ptmb8r
mktexpk --mfmode / --bdpi 600 --mag 0+480/600 --dpi 480 ptmr8r
mktexpk --mfmode / --bdpi 600 --mag 1+0/600 --dpi 600 ptmr8r
mktexpk --mfmode / --bdpi 600 --mag 1+0/600 --dpi 600 phvr8r
mktexpk --mfmode / --bdpi 600 --mag 1+120/600 --dpi 720 phvr8r
mktexpk --mfmode / --bdpi 600 --mag 1+480/600 --dpi 1080 phvb8r
mktexpk --mfmode / --bdpi 600 --mag 1+60/600 --dpi 660 ptmri8r
mktexpk --mfmode / --bdpi 600 --mag 1+120/600 --dpi 720 ptmb8r
mktexpk --mfmode / --bdpi 600 --mag 0+480/600 --dpi 480 ptmr8r
mktexpk --mfmode / --bdpi 600 --mag 1+0/600 --dpi 600 ptmr8r
mktexpk --mfmode / --bdpi 600 --mag 1+0/600 --dpi 600 phvr8r
mktexpk --mfmode / --bdpi 600 --mag 1+120/600 --dpi 720 phvr8r
mktexpk --mfmode / --bdpi 600 --mag 1+480/600 --dpi 1080 phvb8r
mktexpk --mfmode / --bdpi 600 --mag 1+60/600 --dpi 660 ptmri8r
mktexpk --mfmode / --bdpi 600 --mag 1+120/600 --dpi 720 ptmb8r
mktexpk --mfmode / --bdpi 600 --mag 0+480/600 --dpi 480 ptmr8r
mktexpk --mfmode / --bdpi 600 --mag 1+0/600 --dpi 600 ptmr8r
mktexpk --mfmode / --bdpi 600 --mag 1+0/600 --dpi 600 phvr8r
mktexpk --mfmode / --bdpi 600 --mag 1+120/600 --dpi 720 phvr8r
mktexpk --mfmode / --bdpi 600 --mag 1+480/600 --dpi 1080 phvb8r
mktexpk --mfmode / --bdpi 600 --mag 1+60/600 --dpi 660 ptmri8r
mktexpk --mfmode / --bdpi 600 --mag 1+120/600 --dpi 720 ptmb8r
mktexpk --mfmode / --bdpi 600 --mag 0+480/600 --dpi 480 ptmr8r
mktexpk --mfmode / --bdpi 600 --mag 1+0/600 --dpi 600 ptmr8r
mktexpk --mfmode / --bdpi 600 --mag 1+0/600 --dpi 600 phvr8r
mktexpk --mfmode / --bdpi 600 --mag 1+120/600 --dpi 720 phvr8r
mktexpk --mfmode / --bdpi 600 --mag 1+480/600 --dpi 1080 phvb8r
mktexpk --mfmode / --bdpi 600 --mag 1+60/600 --dpi 660 ptmri8r
mktexpk --mfmode / --bdpi 600 --mag 1+120/600 --dpi 720 ptmb8r
mktexpk --mfmode / --bdpi 600 --mag 0+480/600 --dpi 480 ptmr8r
mktexpk --mfmode / --bdpi 600 --mag 1+0/600 --dpi 600 ptmr8r
mktexpk --mfmode / --bdpi 600 --mag 1+0/600 --dpi 600 phvr8r
mktexpk --mfmode / --bdpi 600 --mag 1+120/600 --dpi 720 phvr8r
mktexpk --mfmode / --bdpi 600 --mag 1+480/600 --dpi 1080 phvb8r
mktexpk --mfmode / --bdpi 600 --mag 1+60/600 --dpi 660 ptmri8r
mktexpk --mfmode / --bdpi 600 --mag 1+120/600 --dpi 720 ptmb8r
mktexpk --mfmode / --bdpi 600 --mag 0+480/600 --dpi 480 ptmr8r
mktexpk --mfmode / --bdpi 600 --mag 1+0/600 --dpi 600 ptmr8r
mktexpk --mfmode / --bdpi 600 --mag 1+0/600 --dpi 600 phvr8r
mktexpk --mfmode / --bdpi 600 --mag 1+120/600 --dpi 720 phvr8r
mktexpk --mfmode / --bdpi 600 --mag 1+480/600 --dpi 1080 phvb8r
mktexpk --mfmode / --bdpi 600 --mag 1+60/600 --dpi 660 ptmri8r
mktexpk --mfmode / --bdpi 600 --mag 1+120/600 --dpi 720 ptmb8r
mktexpk --mfmode / --bdpi 600 --mag 0+480/600 --dpi 480 ptmr8r
mktexpk --mfmode / --bdpi 600 --mag 1+0/600 --dpi 600 ptmr8r
mktexpk --mfmode / --bdpi 600 --mag 1+0/600 --dpi 600 phvr8r
mktexpk --mfmode / --bdpi 600 --mag 1+120/600 --dpi 720 phvr8r
mktexpk --mfmode / --bdpi 600 --mag 1+480/600 --dpi 1080 phvb8r
mktexpk --mfmode / --bdpi 600 --mag 1+60/600 --dpi 660 ptmri8r
mktexpk --mfmode / --bdpi 600 --mag 1+120/600 --dpi 720 ptmb8r
mktexpk --mfmode / --bdpi 600 --mag 0+480/600 --dpi 480 ptmr8r
mktexpk --mfmode / --bdpi 600 --mag 1+0/600 --dpi 600 ptmr8r
mktexpk --mfmode / --bdpi 600 --mag 1+0/600 --dpi 600 phvr8r
mktexpk --mfmode / --bdpi 600 --mag 1+120/600 --dpi 720 phvr8r
mktexpk --mfmode / --bdpi 600 --mag 1+480/600 --dpi 1080 phvb8r
mktexpk --mfmode / --bdpi 600 --mag 1+60/600 --dpi 660 ptmri8r
mktexpk --mfmode / --bdpi 600 --mag 1+120/600 --dpi 720 ptmb8r
mktexpk --mfmode / --bdpi 600 --mag 0+480/600 --dpi 480 ptmr8r
mktexpk --mfmode / --bdpi 600 --mag 1+0/600 --dpi 600 ptmr8r
mktexpk --mfmode / --bdpi 600 --mag 1+0/600 --dpi 600 phvr8r
mktexpk --mfmode / --bdpi 600 --mag 1+120/600 --dpi 720 phvr8r
mktexpk --mfmode / --bdpi 600 --mag 1+480/600 --dpi 1080 phvb8r
mktexpk --mfmode / --bdpi 600 --mag 1+60/600 --dpi 660 ptmri8r
mktexpk --mfmode / --bdpi 600 --mag 1+120/600 --dpi 720 ptmb8r
mktexpk --mfmode / --bdpi 600 --mag 0+480/600 --dpi 480 ptmr8r
mktexpk --mfmode / --bdpi 600 --mag 1+0/600 --dpi 600 ptmr8r
mktexpk --mfmode / --bdpi 600 --mag 1+0/600 --dpi 600 phvr8r
mktexpk --mfmode / --bdpi 600 --mag 1+120/600 --dpi 720 phvr8r
mktexpk --mfmode / --bdpi 600 --mag 1+480/600 --dpi 1080 phvb8r
mktexpk --mfmode / --bdpi 600 --mag 1+60/600 --dpi 660 ptmri8r
mktexpk --mfmode / --bdpi 600 --mag 1+120/600 --dpi 720 ptmb8r
mktexpk --mfmode / --bdpi 600 --mag 0+480/600 --dpi 480 ptmr8r
mktexpk --mfmode / --bdpi 600 --mag 1+0/600 --dpi 600 ptmr8r
mktexpk --mfmode / --bdpi 600 --mag 1+0/600 --dpi 600 phvr8r
mktexpk --mfmode / --bdpi 600 --mag 1+120/600 --dpi 720 phvr8r
mktexpk --mfmode / --bdpi 600 --mag 1+480/600 --dpi 1080 phvb8r
mktexpk --mfmode / --bdpi 600 --mag 1+60/600 --dpi 660 ptmri8r
mktexpk --mfmode / --bdpi 600 --mag 1+120/600 --dpi 720 ptmb8r
mktexpk --mfmode / --bdpi 600 --mag 0+480/600 --dpi 480 ptmr8r
mktexpk --mfmode / --bdpi 600 --mag 1+0/600 --dpi 600 ptmr8r
mktexpk --mfmode / --bdpi 600 --mag 1+0/600 --dpi 600 phvr8r
mktexpk --mfmode / --bdpi 600 --mag 1+120/600 --dpi 720 phvr8r
mktexpk --mfmode / --bdpi 600 --mag 1+480/600 --dpi 1080 phvb8r
mktexpk --mfmode / --bdpi 600 --mag 1+60/600 --dpi 660 ptmri8r
mktexpk --mfmode / --bdpi 600 --mag 1+120/600 --dpi 720 ptmb8r
mktexpk --mfmode / --bdpi 600 --mag 0+480/600 --dpi 480 ptmr8r
mktexpk --mfmode / --bdpi 600 --mag 1+0/600 --dpi 600 ptmr8r
mktexpk --mfmode / --bdpi 600 --mag 1+0/600 --dpi 600 phvr8r
mktexpk --mfmode / --bdpi 600 --mag 1+120/600 --dpi 720 phvr8r
mktexpk --mfmode / --bdpi 600 --mag 1+480/600 --dpi 1080 phvb8r
mktexpk --mfmode / --bdpi 600 --mag 1+60/600 --dpi 660 ptmri8r
mktexpk --mfmode / --bdpi 600 --mag 1+120/600 --dpi 720 ptmb8r
mktexpk --mfmode / --bdpi 600 --mag 0+480/600 --dpi 480 ptmr8r
mktexpk --mfmode / --bdpi 600 --mag 1+0/600 --dpi 600 ptmr8r
mktexpk --mfmode / --bdpi 600 --mag 1+0/600 --dpi 600 phvr8r
mktexpk --mfmode / --bdpi 600 --mag 1+120/600 --dpi 720 phvr8r
mktexpk --mfmode / --bdpi 600 --mag 1+480/600 --dpi 1080 phvb8r
mktexpk --mfmode / --bdpi 600 --mag 1+60/600 --dpi 660 ptmri8r
mktexpk --mfmode / --bdpi 600 --mag 1+120/600 --dpi 720 ptmb8r
mktexpk --mfmode / --bdpi 600 --mag 0+480/600 --dpi 480 ptmr8r
mktexpk --mfmode / --bdpi 600 --mag 1+0/600 --dpi 600 ptmr8r
mktexpk --mfmode / --bdpi 600 --mag 1+0/600 --dpi 600 phvr8r
mktexpk --mfmode / --bdpi 600 --mag 1+120/600 --dpi 720 phvr8r
mktexpk --mfmode / --bdpi 600 --mag 1+480/600 --dpi 1080 phvb8r
mktexpk --mfmode / --bdpi 600 --mag 1+60/600 --dpi 660 ptmri8r
mktexpk --mfmode / --bdpi 600 --mag 1+120/600 --dpi 720 ptmb8r
mktexpk --mfmode / --bdpi 600 --mag 0+480/600 --dpi 480 ptmr8r
mktexpk --mfmode / --bdpi 600 --mag 1+0/600 --dpi 600 ptmr8r
mktexpk --mfmode / --bdpi 600 --mag 1+0/600 --dpi 600 phvr8r
mktexpk --mfmode / --bdpi 600 --mag 1+120/600 --dpi 720 phvr8r
mktexpk --mfmode / --bdpi 600 --mag 1+480/600 --dpi 1080 phvb8r
mktexpk --mfmode / --bdpi 600 --mag 1+60/600 --dpi 660 ptmri8r
mktexpk --mfmode / --bdpi 600 --mag 1+120/600 --dpi 720 ptmb8r
mktexpk --mfmode / --bdpi 600 --mag 0+480/600 --dpi 480 ptmr8r
mktexpk --mfmode / --bdpi 600 --mag 1+0/600 --dpi 600 ptmr8r
mktexpk --mfmode / --bdpi 600 --mag 1+0/600 --dpi 600 phvr8r
mktexpk --mfmode / --bdpi 600 --mag 1+120/600 --dpi 720 phvr8r
mktexpk --mfmode / --bdpi 600 --mag 1+480/600 --dpi 1080 phvb8r
mktexpk --mfmode / --bdpi 600 --mag 1+60/600 --dpi 660 ptmri8r
mktexpk --mfmode / --bdpi 600 --mag 1+120/600 --dpi 720 ptmb8r
mktexpk --mfmode / --bdpi 600 --mag 0+480/600 --dpi 480 ptmr8r
mktexpk --mfmode / --bdpi 600 --mag 1+0/600 --dpi 600 ptmr8r
mktexpk --mfmode / --bdpi 600 --mag 1+0/600 --dpi 600 phvr8r
mktexpk --mfmode / --bdpi 600 --mag 1+120/600 --dpi 720 phvr8r
mktexpk --mfmode / --bdpi 600 --mag 1+480/600 --dpi 1080 phvb8r
mktexpk --mfmode / --bdpi 600 --mag 1+60/600 --dpi 660 ptmri8r
mktexpk --mfmode / --bdpi 600 --mag 1+120/600 --dpi 720 ptmb8r
mktexpk --mfmode / --bdpi 600 --mag 0+480/600 --dpi 480 ptmr8r
mktexpk --mfmode / --bdpi 600 --mag 1+0/600 --dpi 600 ptmr8r
mktexpk --mfmode / --bdpi 600 --mag 1+0/600 --dpi 600 phvr8r
mktexpk --mfmode / --bdpi 600 --mag 1+120/600 --dpi 720 phvr8r
mktexpk --mfmode / --bdpi 600 --mag 1+480/600 --dpi 1080 phvb8r
mktexpk --mfmode / --bdpi 600 --mag 1+60/600 --dpi 660 ptmri8r
mktexpk --mfmode / --bdpi 600 --mag 1+120/600 --dpi 720 ptmb8r
mktexpk --mfmode / --bdpi 600 --mag 0+480/600 --dpi 480 ptmr8r
mktexpk --mfmode / --bdpi 600 --mag 1+0/600 --dpi 600 ptmr8r
mktexpk --mfmode / --bdpi 600 --mag 1+0/600 --dpi 600 phvr8r
mktexpk --mfmode / --bdpi 600 --mag 1+120/600 --dpi 720 phvr8r
mktexpk --mfmode / --bdpi 600 --mag 1+480/600 --dpi 1080 phvb8r
mktexpk --mfmode / --bdpi 600 --mag 1+60/600 --dpi 660 ptmri8r
mktexpk --mfmode / --bdpi 600 --mag 1+120/600 --dpi 720 ptmb8r
mktexpk --mfmode / --bdpi 600 --mag 0+480/600 --dpi 480 ptmr8r
mktexpk --mfmode / --bdpi 600 --mag 1+0/600 --dpi 600 ptmr8r
mktexpk --mfmode / --bdpi 600 --mag 1+0/600 --dpi 600 phvr8r
mktexpk --mfmode / --bdpi 600 --mag 1+120/600 --dpi 720 phvr8r
mktexpk --mfmode / --bdpi 600 --mag 1+480/600 --dpi 1080 phvb8r
mktexpk --mfmode / --bdpi 600 --mag 1+60/600 --dpi 660 ptmri8r
mktexpk --mfmode / --bdpi 600 --mag 1+120/600 --dpi 720 ptmb8r
mktexpk --mfmode / --bdpi 600 --mag 0+480/600 --dpi 480 ptmr8r
mktexpk --mfmode / --bdpi 600 --mag 1+0/600 --dpi 600 ptmr8r
mktexpk --mfmode / --bdpi 600 --mag 1+0/600 --dpi 600 phvr8r
mktexpk --mfmode / --bdpi 600 --mag 1+120/600 --dpi 720 phvr8r
mktexpk --mfmode / --bdpi 600 --mag 1+480/600 --dpi 1080 phvb8r
mktexpk --mfmode / --bdpi 600 --mag 1+60/600 --dpi 660 ptmri8r
mktexpk --mfmode / --bdpi 600 --mag 1+120/600 --dpi 720 ptmb8r
mktexpk --mfmode / --bdpi 600 --mag 0+480/600 --dpi 480 ptmr8r
mktexpk --mfmode / --bdpi 600 --mag 1+0/600 --dpi 600 ptmr8r
mktexpk --mfmode / --bdpi 600 --mag 1+0/600 --dpi 600 phvr8r
mktexpk --mfmode / --bdpi 600 --mag 1+120/600 --dpi 720 phvr8r
mktexpk --mfmode / --bdpi 600 --mag 1+480/600 --dpi 1080 phvb8r
mktexpk --mfmode / --bdpi 600 --mag 1+60/600 --dpi 660 ptmri8r
mktexpk --mfmode / --bdpi 600 --mag 1+120/600 --dpi 720 ptmb8r
mktexpk --mfmode / --bdpi 600 --mag 0+480/600 --dpi 480 ptmr8r
mktexpk --mfmode / --bdpi 600 --mag 1+0/600 --dpi 600 ptmr8r
mktexpk --mfmode / --bdpi 600 --mag 1+0/600 --dpi 600 phvr8r
mktexpk --mfmode / --bdpi 600 --mag 1+120/600 --dpi 720 phvr8r
mktexpk --mfmode / --bdpi 600 --mag 1+480/600 --dpi 1080 phvb8r
mktexpk --mfmode / --bdpi 600 --mag 1+60/600 --dpi 660 ptmri8r
mktexpk --mfmode / --bdpi 600 --mag 1+120/600 --dpi 720 ptmb8r
mktexpk --mfmode / --bdpi 600 --mag 0+480/600 --dpi 480 ptmr8r
mktexpk --mfmode / --bdpi 600 --mag 1+0/600 --dpi 600 ptmr8r
mktexpk --mfmode / --bdpi 600 --mag 1+0/600 --dpi 600 phvr8r
mktexpk --mfmode / --bdpi 600 --mag 1+120/600 --dpi 720 phvr8r
mktexpk --mfmode / --bdpi 600 --mag 1+480/600 --dpi 1080 phvb8r
mktexpk --mfmode / --bdpi 600 --mag 1+60/600 --dpi 660 ptmri8r
mktexpk --mfmode / --bdpi 600 --mag 1+120/600 --dpi 720 ptmb8r
mktexpk --mfmode / --bdpi 600 --mag 0+480/600 --dpi 480 ptmr8r
mktexpk --mfmode / --bdpi 600 --mag 1+0/600 --dpi 600 ptmr8r
mktexpk --mfmode / --bdpi 600 --mag 1+0/600 --dpi 600 phvr8r
mktexpk --mfmode / --bdpi 600 --mag 1+120/600 --dpi 720 phvr8r
mktexpk --mfmode / --bdpi 600 --mag 1+480/600 --dpi 1080 phvb8r
mktexpk --mfmode / --bdpi 600 --mag 1+60/600 --dpi 660 ptmri8r
mktexpk --mfmode / --bdpi 600 --mag 1+120/600 --dpi 720 ptmb8r
mktexpk --mfmode / --bdpi 600 --mag 0+480/600 --dpi 480 ptmr8r
mktexpk --mfmode / --bdpi 600 --mag 1+0/600 --dpi 600 ptmr8r
mktexpk --mfmode / --bdpi 600 --mag 1+0/600 --dpi 600 phvr8r
mktexpk --mfmode / --bdpi 600 --mag 1+120/600 --dpi 720 phvr8r
mktexpk --mfmode / --bdpi 600 --mag 1+480/600 --dpi 1080 phvb8r
mktexpk --mfmode / --bdpi 600 --mag 1+60/600 --dpi 660 ptmri8r
mktexpk --mfmode / --bdpi 600 --mag 1+120/600 --dpi 720 ptmb8r
mktexpk --mfmode / --bdpi 600 --mag 0+480/600 --dpi 480 ptmr8r
mktexpk --mfmode / --bdpi 600 --mag 1+0/600 --dpi 600 ptmr8r
mktexpk --mfmode / --bdpi 600 --mag 1+0/600 --dpi 600 phvr8r
mktexpk --mfmode / --bdpi 600 --mag 1+120/600 --dpi 720 phvr8r
mktexpk --mfmode / --bdpi 600 --mag 1+480/600 --dpi 1080 phvb8r
mktexpk --mfmode / --bdpi 600 --mag 1+60/600 --dpi 660 ptmri8r
mktexpk --mfmode / --bdpi 600 --mag 1+120/600 --dpi 720 ptmb8r
mktexpk --mfmode / --bdpi 600 --mag 0+480/600 --dpi 480 ptmr8r
mktexpk --mfmode / --bdpi 600 --mag 1+0/600 --dpi 600 ptmr8r
mktexpk --mfmode / --bdpi 600 --mag 1+0/600 --dpi 600 phvr8r
mktexpk --mfmode / --bdpi 600 --mag 1+120/600 --dpi 720 phvr8r
mktexpk --mfmode / --bdpi 600 --mag 1+480/600 --dpi 1080 phvb8r
mktexpk --mfmode / --bdpi 600 --mag 1+60/600 --dpi 660 ptmri8r
mktexpk --mfmode / --bdpi 600 --mag 1+120/600 --dpi 720 ptmb8r
mktexpk --mfmode / --bdpi 600 --mag 0+480/600 --dpi 480 ptmr8r
mktexpk --mfmode / --bdpi 600 --mag 1+0/600 --dpi 600 ptmr8r
mktexpk --mfmode / --bdpi 600 --mag 1+0/600 --dpi 600 phvr8r
mktexpk --mfmode / --bdpi 600 --mag 1+120/600 --dpi 720 phvr8r
mktexpk --mfmode / --bdpi 600 --mag 1+480/600 --dpi 1080 phvb8r
mktexpk --mfmode / --bdpi 600 --mag 1+60/600 --dpi 660 ptmri8r
mktexpk --mfmode / --bdpi 600 --mag 1+120/600 --dpi 720 ptmb8r
mktexpk --mfmode / --bdpi 600 --mag 0+480/600 --dpi 480 ptmr8r
mktexpk --mfmode / --bdpi 600 --mag 1+0/600 --dpi 600 ptmr8r
mktexpk --mfmode / --bdpi 600 --mag 1+0/600 --dpi 600 phvr8r
mktexpk --mfmode / --bdpi 600 --mag 1+120/600 --dpi 720 phvr8r
mktexpk --mfmode / --bdpi 600 --mag 1+480/600 --dpi 1080 phvb8r
mktexpk --mfmode / --bdpi 600 --mag 1+60/600 --dpi 660 ptmri8r
mktexpk --mfmode / --bdpi 600 --mag 1+120/600 --dpi 720 ptmb8r
mktexpk --mfmode / --bdpi 600 --mag 0+480/600 --dpi 480 ptmr8r
mktexpk --mfmode / --bdpi 600 --mag 1+0/600 --dpi 600 ptmr8r
mktexpk --mfmode / --bdpi 600 --mag 1+0/600 --dpi 600 phvr8r
mktexpk --mfmode / --bdpi 600 --mag 1+120/600 --dpi 720 phvr8r
mktexpk --mfmode / --bdpi 600 --mag 1+480/600 --dpi 1080 phvb8r
mktexpk --mfmode / --bdpi 600 --mag 1+60/600 --dpi 660 ptmri8r
mktexpk --mfmode / --bdpi 600 --mag 1+120/600 --dpi 720 ptmb8r
mktexpk --mfmode / --bdpi 600 --mag 0+480/600 --dpi 480 ptmr8r
mktexpk --mfmode / --bdpi 600 --mag 1+0/600 --dpi 600 ptmr8r
mktexpk --mfmode / --bdpi 600 --mag 1+0/600 --dpi 600 phvr8r
mktexpk --mfmode / --bdpi 600 --mag 1+120/600 --dpi 720 phvr8r
mktexpk --mfmode / --bdpi 600 --mag 1+480/600 --dpi 1080 phvb8r
mktexpk --mfmode / --bdpi 600 --mag 1+60/600 --dpi 660 ptmri8r
mktexpk --mfmode / --bdpi 600 --mag 1+120/600 --dpi 720 ptmb8r
mktexpk --mfmode / --bdpi 600 --mag 0+480/600 --dpi 480 ptmr8r
mktexpk --mfmode / --bdpi 600 --mag 1+0/600 --dpi 600 ptmr8r
mktexpk --mfmode / --bdpi 600 --mag 1+0/600 --dpi 600 phvr8r
mktexpk --mfmode / --bdpi 600 --mag 1+120/600 --dpi 720 phvr8r
mktexpk --mfmode / --bdpi 600 --mag 1+480/600 --dpi 1080 phvb8r
mktexpk --mfmode / --bdpi 600 --mag 1+60/600 --dpi 660 ptmri8r
mktexpk --mfmode / --bdpi 600 --mag 1+120/600 --dpi 720 ptmb8r
mktexpk --mfmode / --bdpi 600 --mag 0+480/600 --dpi 480 ptmr8r
mktexpk --mfmode / --bdpi 600 --mag 1+0/600 --dpi 600 ptmr8r
mktexpk --mfmode / --bdpi 600 --mag 1+0/600 --dpi 600 phvr8r
mktexpk --mfmode / --bdpi 600 --mag 1+120/600 --dpi 720 phvr8r
mktexpk --mfmode / --bdpi 600 --mag 1+480/600 --dpi 1080 phvb8r
mktexpk --mfmode / --bdpi 600 --mag 1+60/600 --dpi 660 ptmri8r
mktexpk --mfmode / --bdpi 600 --mag 1+120/600 --dpi 720 ptmb8r
mktexpk --mfmode / --bdpi 600 --mag 0+480/600 --dpi 480 ptmr8r
mktexpk --mfmode / --bdpi 600 --mag 1+0/600 --dpi 600 ptmr8r
mktexpk --mfmode / --bdpi 600 --mag 1+0/600 --dpi 600 phvr8r
mktexpk --mfmode / --bdpi 600 --mag 1+120/600 --dpi 720 phvr8r
mktexpk --mfmode / --bdpi 600 --mag 1+480/600 --dpi 1080 phvb8r
mktexpk --mfmode / --bdpi 600 --mag 1+60/600 --dpi 660 ptmri8r
mktexpk --mfmode / --bdpi 600 --mag 1+120/600 --dpi 720 ptmb8r
mktexpk --mfmode / --bdpi 600 --mag 0+480/600 --dpi 480 ptmr8r
mktexpk --mfmode / --bdpi 600 --mag 1+0/600 --dpi 600 ptmr8r
mktexpk --mfmode / --bdpi 600 --mag 1+0/600 --dpi 600 phvr8r
mktexpk --mfmode / --bdpi 600 --mag 1+120/600 --dpi 720 phvr8r
mktexpk --mfmode / --bdpi 600 --mag 1+480/600 --dpi 1080 phvb8r
mktexpk --mfmode / --bdpi 600 --mag 1+60/600 --dpi 660 ptmri8r
mktexpk --mfmode / --bdpi 600 --mag 1+120/600 --dpi 720 ptmb8r
mktexpk --mfmode / --bdpi 600 --mag 0+480/600 --dpi 480 ptmr8r
mktexpk --mfmode / --bdpi 600 --mag 1+0/600 --dpi 600 ptmr8r
mktexpk --mfmode / --bdpi 600 --mag 1+0/600 --dpi 600 phvr8r
mktexpk --mfmode / --bdpi 600 --mag 1+120/600 --dpi 720 phvr8r
mktexpk --mfmode / --bdpi 600 --mag 1+480/600 --dpi 1080 phvb8r
mktexpk --mfmode / --bdpi 600 --mag 1+60/600 --dpi 660 ptmri8r
mktexpk --mfmode / --bdpi 600 --mag 1+120/600 --dpi 720 ptmb8r
mktexpk --mfmode / --bdpi 600 --mag 0+480/600 --dpi 480 ptmr8r
mktexpk --mfmode / --bdpi 600 --mag 1+0/600 --dpi 600 ptmr8r
mktexpk --mfmode / --bdpi 600 --mag 1+0/600 --dpi 600 phvr8r
mktexpk --mfmode / --bdpi 600 --mag 1+120/600 --dpi 720 phvr8r
mktexpk --mfmode / --bdpi 600 --mag 1+480/600 --dpi 1080 phvb8r
mktexpk --mfmode / --bdpi 600 --mag 1+60/600 --dpi 660 ptmri8r
mktexpk --mfmode / --bdpi 600 --mag 1+120/600 --dpi 720 ptmb8r
mktexpk --mfmode / --bdpi 600 --mag 0+480/600 --dpi 480 ptmr8r
mktexpk --mfmode / --bdpi 600 --mag 1+0/600 --dpi 600 ptmr8r
mktexpk --mfmode / --bdpi 600 --mag 1+0/600 --dpi 600 phvr8r
mktexpk --mfmode / --bdpi 600 --mag 1+120/600 --dpi 720 phvr8r
mktexpk --mfmode / --bdpi 600 --mag 1+480/600 --dpi 1080 phvb8r
mktexpk --mfmode / --bdpi 600 --mag 1+60/600 --dpi 660 ptmri8r
mktexpk --mfmode / --bdpi 600 --mag 1+120/600 --dpi 720 ptmb8r
